2026-03-09 12:41:01,964 - error_tracker - ERROR

================================================================================
🔴 错误详情
================================================================================
📅 时间:        2026-03-09 12:41:01.963
🔧 方法:        _switch_chat
❌ 错误类型:      AttributeError
💬 错误信息:      'NoneType' object has no attribute 'get'
📋 额外信息:      {
  "args": "()",
  "kwargs": "{}",
  "function_module": "app.services.wechat_service",
  "function_name": "_switch_chat"
}

================================================================================
📚 完整堆栈追踪:
================================================================================
Traceback (most recent call last):
  File "G:\Files\Home\20260309skill\wxauto-restful-api\app\utils\error_handler.py", line 155, in sync_wrapper
    return func(*args, **kwargs)
           ^^^^^^^^^^^^^^^^^^^^^
  File "G:\Files\Home\20260309skill\wxauto-restful-api\app\services\wechat_service.py", line 543, in _switch_chat
    message = result.get('message') or '操作成功'
              ^^^^^^^^^^
AttributeError: 'NoneType' object has no attribute 'get'

================================================================================


2026-03-09 13:39:10,092 - error_tracker - ERROR

================================================================================
🔴 错误详情
================================================================================
📅 时间:        2026-03-09 13:39:10.091
🔧 方法:        _get_session
❌ 错误类型:      AttributeError
💬 错误信息:      'NoneType' object has no attribute 'GetSession'
📋 额外信息:      {
  "args": "()",
  "kwargs": "{}",
  "function_module": "app.services.wechat_service",
  "function_name": "_get_session"
}

================================================================================
📚 完整堆栈追踪:
================================================================================
Traceback (most recent call last):
  File "G:\Files\Home\20260309skill\wxauto-restful-api\app\utils\error_handler.py", line 155, in sync_wrapper
    return func(*args, **kwargs)
           ^^^^^^^^^^^^^^^^^^^^^
  File "G:\Files\Home\20260309skill\wxauto-restful-api\app\services\wechat_service.py", line 666, in _get_session
    result = wx.GetSession()
             ^^^^^^^^^^^^^
AttributeError: 'NoneType' object has no attribute 'GetSession'

================================================================================


2026-03-09 13:40:36,061 - error_tracker - ERROR

================================================================================
🔴 错误详情
================================================================================
📅 时间:        2026-03-09 13:40:36.060
🔧 方法:        _get_session
❌ 错误类型:      AttributeError
💬 错误信息:      'NoneType' object has no attribute 'GetSession'
📋 额外信息:      {
  "args": "()",
  "kwargs": "{}",
  "function_module": "app.services.wechat_service",
  "function_name": "_get_session"
}

================================================================================
📚 完整堆栈追踪:
================================================================================
Traceback (most recent call last):
  File "G:\Files\Home\20260309skill\wxauto-restful-api\app\utils\error_handler.py", line 155, in sync_wrapper
    return func(*args, **kwargs)
           ^^^^^^^^^^^^^^^^^^^^^
  File "G:\Files\Home\20260309skill\wxauto-restful-api\app\services\wechat_service.py", line 666, in _get_session
    result = wx.GetSession()
             ^^^^^^^^^^^^^
AttributeError: 'NoneType' object has no attribute 'GetSession'

================================================================================


2026-03-09 13:59:41,393 - error_tracker - ERROR

================================================================================
🔴 错误详情
================================================================================
📅 时间:        2026-03-09 13:59:41.392
🔧 方法:        _get_history
❌ 错误类型:      AttributeError
💬 错误信息:      'FriendTextMessage' object has no attribute 'info'
📋 额外信息:      {
  "args": "()",
  "kwargs": "{}",
  "function_module": "app.services.wechat_service",
  "function_name": "_get_history"
}

================================================================================
📚 完整堆栈追踪:
================================================================================
Traceback (most recent call last):
  File "G:\Files\Home\20260309skill\wxauto-restful-api\app\utils\error_handler.py", line 166, in sync_wrapper
    return func(*args, **kwargs)
           ^^^^^^^^^^^^^^^^^^^^^
  File "G:\Files\Home\20260309skill\wxauto-restful-api\app\services\wechat_service.py", line 801, in _get_history
    data = [msg.info for msg in msgs]
           ^^^^^^^^^^^^^^^^^^^^^^^^^^
  File "G:\Files\Home\20260309skill\wxauto-restful-api\app\services\wechat_service.py", line 801, in <listcomp>
    data = [msg.info for msg in msgs]
            ^^^^^^^^
AttributeError: 'FriendTextMessage' object has no attribute 'info'

================================================================================


